2012-12-20 add friend mit_lj(2) Watched by ((39)
2012-12-20 add friend mit_lj(2) 0mepta(51)
2012-12-20 add friend mit_lj(2) 0xymoron(52)
2012-12-20 add friend mit_lj(2) 10004ertey(53)
2012-12-20 add friend mit_lj(2) 1000signes(54)
2012-12-20 add friend mit_lj(2) 100matolog(55)
2012-12-20 add friend mit_lj(2) 100na100(56)
2012-12-20 add friend mit_lj(2) 101foto(57)
2012-12-20 add friend mit_lj(2) 13gorgona(58)
2012-12-20 add friend mit_lj(2) 13th_observer(59)
2012-12-20 add friend mit_lj(2) 14388(60)
2012-12-20 add friend mit_lj(2) 151151(61)
2012-12-20 add friend mit_lj(2) 1613(62)
2012-12-20 add friend mit_lj(2) 18marta(63)
2012-12-20 add friend mit_lj(2) 1968_nikson(64)
2012-12-20 add friend mit_lj(2) 19700101(65)
2012-12-20 add friend mit_lj(2) 1982moc(66)
2012-12-20 add friend mit_lj(2) 19_20(67)
2012-12-20 add friend mit_lj(2) 1_iz_muz(68)
2012-12-20 add friend mit_lj(2) 1beer(69)
2012-12-20 add friend mit_lj(2) 1jurasik1(70)
2012-12-20T11:26:21.838754 add friend mit_lj(2) 1neurozentorro1(71)
2012-12-20T11:26:32.941522 add friend mit_lj(2) 1pepel1(72)
2012-12-20T11:26:43.337431 add friend mit_lj(2) 1valkirija1(73)
2012-12-20T11:27:00.576002 add friend mit_lj(2) 1yy1(74)
2012-12-20T11:27:15.775725 add friend mit_lj(2) 1zoluschka(75)
2012-12-20T11:27:45.881024 add friend mit_lj(2) 2214448(76)
2012-12-20T11:28:01.320026 add friend mit_lj(2) 22sobaki(77)
2012-12-20T11:28:28.393542 add friend mit_lj(2) 234wwww(78)
2012-12-20T11:28:42.446051 add friend mit_lj(2) 28606_on_road(79)
2012-12-20T11:28:51.257816 add friend mit_lj(2) 2ikleme(80)
2012-12-20 11:31:59.287900 add friend mit_lj(2) 326tora(81)
2012-12-20 11:32:06.585910 add friend mit_lj(2) 3589202(82)
2012-12-20 11:32:18.520728 add friend mit_lj(2) 3912(83)
2012-12-20 11:32:36.100556 add friend mit_lj(2) 3axapuk(84)
2012-12-20 11:32:54.292333 add friend mit_lj(2) 3hvost(85)
2012-12-20 11:33:09.632873 add friend mit_lj(2) 3seven(86)
2012-12-20 11:33:28.531544 add friend mit_lj(2) 4319(87)
2012-12-20 11:33:38.411434 add friend mit_lj(2) 464782(88)
2012-12-20 11:33:56.011892 add friend mit_lj(2) 477768(89)
2012-12-20 11:34:06.852749 add friend mit_lj(2) 4arodeyka(90)
2012-12-20 12:29:26.483381 add friend mit_lj(2) 4ernoknizhnitsa(91)
2012-12-20 12:29:32.803100 add friend mit_lj(2) 4ess(92)
2012-12-20 12:29:41.580634 add friend mit_lj(2) 4uta_pr(93)
2012-12-20 12:30:09.727352 add friend mit_lj(2) 4werkin(94)
2012-12-20 12:30:21.714459 add friend mit_lj(2) 50_for_smell(95)
2012-12-20 12:30:30.790843 add friend mit_lj(2) 5653(96)
2012-12-20 12:30:37.411615 add friend mit_lj(2) 5juliette(97)
2012-12-20 13:29:25.575584 add friend mit_lj(2) 6202(98)
2012-12-20 13:29:46.941172 add friend mit_lj(2) 667bdr(99)
2012-12-20 13:29:57.453547 add friend mit_lj(2) 6698383(100)
2012-12-20 13:30:01.296876 add friend mit_lj(2) 6agayu6agayu(101)
2012-12-20 13:30:06.621301 add friend mit_lj(2) 6landinka(102)
2012-12-20 13:30:18.289565 add friend mit_lj(2) 777bogdan(103)
2012-12-20 13:30:26.982984 add friend mit_lj(2) 77_ln(104)
2012-12-20 14:30:16.153086 add friend mit_lj(2) 7823060(105)
2012-12-20 14:30:23.411214 add friend mit_lj(2) 7_defactum_7(106)
2012-12-20 14:30:41.769246 add friend mit_lj(2) 8d9(107)
2012-12-20 14:30:57.635913 add friend mit_lj(2) 8erpent(108)
2012-12-20 14:31:23.643747 add friend mit_lj(2) 8gadget8(109)
2012-12-20 14:31:29.384548 add friend mit_lj(2) 7823060(105)
2012-12-20 14:31:35.972414 add friend mit_lj(2) 9231930(110)
2012-12-20 14:31:45.725826 add friend mit_lj(2) 92_element(111)
2012-12-20 14:41:23.074734 add friend mit_lj(2) 99stop(112)
2012-12-20 14:41:29.591527 add friend mit_lj(2) 9_giznei(113)
2012-12-20 14:41:44.869911 add friend mit_lj(2) ___schizoid(114)
2012-12-20 14:41:52.011964 add friend mit_lj(2) __ss__(115)
2012-12-20 14:42:06.766604 add friend mit_lj(2) _alexashka_(116)
2012-12-20 14:42:30.320835 add friend mit_lj(2) _almir(117)
2012-12-20 14:42:43.510900 add friend mit_lj(2) _argento_(118)
2012-12-20 14:47:53.666239 add friend mit_lj(2) _bees_(119)
2012-12-20 14:48:04.580900 add friend mit_lj(2) _budur_(120)
2012-12-20 14:48:11.705331 add friend mit_lj(2) _deadman_(121)
2012-12-20 14:48:15.638676 add friend mit_lj(2) _i_f(122)
2012-12-20 14:48:27.308530 add friend mit_lj(2) _karinka_(123)
2012-12-20 14:48:32.852193 add friend mit_lj(2) _laperle_(124)
2012-12-20 14:48:52.868019 add friend mit_lj(2) _nevr_(125)
2012-12-20 15:29:17.101725 add friend mit_lj(2) _nikolya_(126)
2012-12-20 15:29:24.245780 add friend mit_lj(2) _quetzalcoatl_(127)
2012-12-20 15:29:38.962063 add friend mit_lj(2) _raivola(128)
2012-12-20 15:29:47.408215 add friend mit_lj(2) _santa_fe(129)
2012-12-20 15:29:55.385929 add friend mit_lj(2) _shepot_vetra_(130)
2012-12-20 16:29:13.043148 add friend mit_lj(2) _stop_kadr_(131)
2012-12-20 16:29:17.202095 add friend mit_lj(2) _sz(132)
2012-12-20 16:29:20.338439 add friend mit_lj(2) _teya_(133)
2012-12-20 16:29:24.994127 add friend mit_lj(2) _zmei(134)
2012-12-20 16:29:28.311698 add friend mit_lj(2) a251ex(135)
2012-12-20 17:29:10.892738 add friend mit_lj(2) a803(136)
2012-12-20 17:29:15.279968 add friend mit_lj(2) a_amapola(137)
2012-12-20 17:29:18.687478 add friend mit_lj(2) a_as(138)
2012-12-20 17:29:22.784401 add friend mit_lj(2) a_davidov60(139)
2012-12-20 17:29:26.285236 add friend mit_lj(2) a_gert(140)
2012-12-20 18:29:11.236613 add friend mit_lj(2) a_kuryatkov(141)
2012-12-20 18:29:14.514672 add friend mit_lj(2) a_lodochnik(142)
2012-12-20 18:29:18.115648 add friend mit_lj(2) a_m_pantjuhin(143)
2012-12-20 18:29:21.395819 add friend mit_lj(2) a_n_n_a(144)
2012-12-20 18:29:25.256305 add friend mit_lj(2) a_ne4ka(145)
2012-12-20 19:29:10.834431 add friend mit_lj(2) a_ny_ka_ahnem(146)
2012-12-20 19:29:14.992363 add friend mit_lj(2) a_r_m_e_r_o(147)
2012-12-20 19:29:18.227533 add friend mit_lj(2) a_round_loaf(148)
2012-12-20 19:29:21.937615 add friend mit_lj(2) a_skel(149)
2012-12-20 19:29:24.980589 add friend mit_lj(2) aap7(150)
2012-12-20 20:29:10.316772 add friend mit_lj(2) aaronknight(151)
2012-12-20 20:29:14.645206 add friend mit_lj(2) abc1918(152)
2012-12-20 20:29:18.914246 add friend mit_lj(2) abd56(153)
2012-12-20 20:29:21.970462 add friend mit_lj(2) abnormaljunk(154)
2012-12-20 20:29:27.765997 add friend mit_lj(2) abomberz(155)
2012-12-20 21:29:27.944560 add friend mit_lj(2) aborigen007(156)
2012-12-20 21:29:37.185576 add friend mit_lj(2) abra_akbar(157)
2012-12-20 21:29:45.155364 add friend mit_lj(2) abradoks(158)
2012-12-20 21:30:04.727134 add friend mit_lj(2) abram(159)
2012-12-20 21:30:25.367282 add friend mit_lj(2) abramov_den(160)
2012-12-20 22:29:13.713198 add friend mit_lj(2) abruev(161)
2012-12-20 22:29:17.114278 add friend mit_lj(2) abrus(162)
2012-12-20 22:29:21.465495 add friend mit_lj(2) abrykos(163)
2012-12-20 22:29:25.345353 add friend mit_lj(2) absurdidade(164)
2012-12-20 22:29:28.751999 add friend mit_lj(2) abu_pinhus(165)
2012-12-20 23:29:11.950556 add friend mit_lj(2) abu_tir(166)
2012-12-20 23:29:16.205124 add friend mit_lj(2) ac_alan(167)
2012-12-20 23:29:20.898256 add friend mit_lj(2) access07(168)
2012-12-20 23:29:25.942852 add friend mit_lj(2) acheleranda(169)
2012-12-20 23:29:29.266091 add friend mit_lj(2) acid_ru(170)
2012-12-21 00:29:10.016148 add friend mit_lj(2) acorbaleno(171)
2012-12-21 00:29:13.438498 add friend mit_lj(2) acquario(172)
2012-12-21 00:29:16.692392 add friend mit_lj(2) adalary(173)
2012-12-21 00:29:20.069846 add friend mit_lj(2) adam0s(174)
2012-12-21 00:29:25.026990 add friend mit_lj(2) adam_a_nt(175)
2012-12-21 01:29:10.952660 add friend mit_lj(2) adams_nat2009(176)
2012-12-21 01:29:14.171959 add friend mit_lj(2) add_diem(177)
2012-12-21 01:29:17.651537 add friend mit_lj(2) adi1510(178)
2012-12-21 01:29:22.732573 add friend mit_lj(2) adiaphora22(179)
2012-12-21 01:29:26.023827 add friend mit_lj(2) adidas_original(180)
2012-12-21 02:29:09.712784 add friend mit_lj(2) adini_studio(181)
2012-12-21 02:29:13.223642 add friend mit_lj(2) adoscom(182)
2012-12-21 02:29:16.449708 add friend mit_lj(2) ae_la(183)
2012-12-21 02:29:19.796136 add friend mit_lj(2) aeliasz(184)
2012-12-21 02:29:22.696441 add friend mit_lj(2) aelle_s(185)
2012-12-21 12:27:17.301448 add friend mit_lj(2) aeromamont(186)
2012-12-21 12:27:21.256004 add friend mit_lj(2) aerovlad(187)
2012-12-21 12:27:25.416999 add friend mit_lj(2) afealle(188)
2012-12-21 12:27:28.862735 add friend mit_lj(2) affenzirkus(189)
2012-12-21 12:27:32.151240 add friend mit_lj(2) afonya_o(190)
2012-12-21 12:29:08.420254 add friend mit_lj(2) afuego(191)
2012-12-21 12:29:12.140285 add friend mit_lj(2) agades_ser(192)
2012-12-21 12:29:15.253618 add friend mit_lj(2) agent585(193)
2012-12-21 12:29:18.543941 add friend mit_lj(2) agent_silent(194)
2012-12-21 12:29:21.893804 add friend mit_lj(2) agiosxc(195)
2012-12-21 14:29:12.257409 add friend mit_lj(2) agmen(196)
2012-12-21 14:29:15.891401 add friend mit_lj(2) agn267(197)
2012-12-21 14:29:19.159021 add friend mit_lj(2) agness368(198)
2012-12-21 14:29:22.817438 add friend mit_lj(2) aguka_babka(199)
2012-12-21 14:29:26.705798 add friend mit_lj(2) ahonen(200)
2012-12-21 15:29:12.167620 add friend mit_lj(2) ahrest1(201)
2012-12-21 15:29:15.708137 add friend mit_lj(2) ahuvia(202)
2012-12-21 15:29:19.627118 add friend mit_lj(2) aibolit_666(203)
2012-12-21 15:29:22.617816 add friend mit_lj(2) aicedora_vulkan(204)
2012-12-21 15:29:28.300497 add friend mit_lj(2) aileme(205)
2012-12-21 16:29:18.962199 add friend mit_lj(2) ailoyros(206)
2012-12-21 16:29:23.513264 add friend mit_lj(2) ainura_yes(207)
2012-12-21 16:29:28.607775 add friend mit_lj(2) air0spaceman(208)
2012-12-21 16:29:32.582756 add friend mit_lj(2) airborn76(209)
2012-12-21 16:29:36.487547 add friend mit_lj(2) airin74(210)
2012-12-21 17:29:10.508992 add friend mit_lj(2) aist80(211)
2012-12-21 17:29:14.458555 add friend mit_lj(2) akbash41(212)
2012-12-21 17:29:17.732178 add friend mit_lj(2) akhav(213)
2012-12-21 17:29:20.817768 add friend mit_lj(2) akim_akimych50(214)
2012-12-21 17:29:24.245701 add friend mit_lj(2) akimchan(215)
2012-12-21 18:29:11.008011 add friend mit_lj(2) aklimushkin(216)
2012-12-21 18:29:14.974871 add friend mit_lj(2) akmaldark(217)
2012-12-21 18:29:18.112679 add friend mit_lj(2) akostin(218)
2012-12-21 18:29:23.037725 add friend mit_lj(2) akuramazda(219)
2012-12-21 18:29:30.337619 add friend mit_lj(2) al391(220)
2012-12-21 19:29:19.777818 add friend mit_lj(2) al_dg_gl(221)
2012-12-21 19:29:24.525059 add friend mit_lj(2) al_ghe(222)
2012-12-21 19:29:30.662512 add friend mit_lj(2) al_lena(223)
2012-12-21 19:29:36.140373 add friend mit_lj(2) al_lion_osprey(224)
2012-12-21 19:29:40.044857 add friend mit_lj(2) al_nasri(225)
2012-12-21 20:29:30.323282 add friend mit_lj(2) al_nktn(226)
2012-12-21 20:29:36.760709 add friend mit_lj(2) al_vicious(227)
2012-12-21 20:29:45.410248 add friend mit_lj(2) al_yalmez(228)
2012-12-21 20:29:53.065839 add friend mit_lj(2) alalus(229)
2012-12-21 20:30:00.148334 add friend mit_lj(2) alanatot(230)
2012-12-21 21:29:56.559107 add friend mit_lj(2) albiel(231)
2012-12-21 21:30:00.464128 add friend mit_lj(2) albinos76(232)
2012-12-21 21:30:04.591203 add friend mit_lj(2) aldini(233)
2012-12-21 21:30:09.640106 add friend mit_lj(2) aldonkey(234)
2012-12-21 21:30:34.992079 add friend mit_lj(2) alek_j(235)
2012-12-21 22:29:11.032599 add friend mit_lj(2) alek_san(236)
2012-12-21 22:29:14.703919 add friend mit_lj(2) alekksandr(237)
2012-12-21 22:29:18.347442 add friend mit_lj(2) aleks1917(238)
2012-12-21 22:29:21.822574 add friend mit_lj(2) aleksanchos(239)
2012-12-21 22:29:25.480552 add friend mit_lj(2) aleksandraft(240)
2012-12-21 23:29:30.658855 add friend mit_lj(2) aleksandrvyazmi(241)
2012-12-21 23:29:39.781351 add friend mit_lj(2) aleksar(242)
2012-12-21 23:29:50.882713 add friend mit_lj(2) alekseevaleksey(243)
2012-12-21 23:30:05.729299 add friend mit_lj(2) aleksejleonov(244)
2012-12-21 23:30:24.310864 add friend mit_lj(2) aleksey_che(245)
2012-12-22 00:29:10.066887 add friend mit_lj(2) aleksij_e(246)
2012-12-22 00:29:13.907880 add friend mit_lj(2) alena_rosica(247)
2012-12-22 00:29:18.117021 add friend mit_lj(2) alenjonok1(248)
2012-12-22 00:29:21.911219 add friend mit_lj(2) alenka_moscva(249)
2012-12-22 00:29:25.580620 add friend mit_lj(2) alenkiy_01(250)
2012-12-22 01:29:13.075502 add friend mit_lj(2) aleno(251)
2012-12-22 01:29:16.478193 add friend mit_lj(2) alenuhka007(252)
2012-12-22 01:29:19.975276 add friend mit_lj(2) ales_pochebyt(253)
2012-12-22 01:29:24.867802 add friend mit_lj(2) alex_2f(254)
2012-12-22 01:29:27.786701 add friend mit_lj(2) alex_7566(255)
2012-12-22 02:29:12.598620 add friend mit_lj(2) alex_chekalin(256)
2012-12-22 02:29:16.137534 add friend mit_lj(2) alex_hammas(257)
2012-12-22 02:29:20.181703 add friend mit_lj(2) alex_i1(258)
2012-12-22 02:29:24.327988 add friend mit_lj(2) alex_kraine(259)
2012-12-22 02:29:28.333270 add friend mit_lj(2) alex_leskin(260)
2012-12-22 03:29:12.140478 add friend mit_lj(2) alex_moryak(261)
2012-12-22 03:29:15.614958 add friend mit_lj(2) alex_n10(262)
2012-12-22 03:29:18.593482 add friend mit_lj(2) alex_ni(263)
2012-12-22 03:29:21.663698 add friend mit_lj(2) alex_obalduev(264)
2012-12-22 03:29:24.842575 add friend mit_lj(2) alex_peregrin(265)
2012-12-22 04:29:10.898312 add friend mit_lj(2) alex_roma(266)
2012-12-22 04:29:14.854289 add friend mit_lj(2) alex_shutyuk(267)
2012-12-22 04:29:18.893832 add friend mit_lj(2) alex_stasenko(268)
2012-12-22 04:29:23.812441 add friend mit_lj(2) alex_tverskoy(269)
2012-12-22 04:29:27.142799 add friend mit_lj(2) alex_vergin(270)
2012-12-22 05:29:09.924976 add friend mit_lj(2) alexander_isaev(271)
2012-12-22 05:29:13.364076 add friend mit_lj(2) alexandermd(272)
2012-12-22 05:29:16.687199 add friend mit_lj(2) Alexandra  Dmitrieva(273)
2012-12-22 05:29:19.643863 add friend mit_lj(2) alexandregor(274)
2012-12-22 05:29:23.106780 add friend mit_lj(2) alexandrermolin(275)
2012-12-22 06:29:10.527164 add friend mit_lj(2) alexbd(276)
2012-12-22 06:29:13.897379 add friend mit_lj(2) alexberkun(277)
2012-12-22 06:29:20.995137 add friend mit_lj(2) alexdoomer2009(278)
2012-12-22 06:29:23.972170 add friend mit_lj(2) alexei_safronov(279)
2012-12-22 06:29:26.936545 add friend mit_lj(2) alexej_36(280)
2012-12-22 07:29:11.624616 add friend mit_lj(2) alexelias(281)
2012-12-22 07:29:15.207051 add friend mit_lj(2) alexey_baranoff(282)
2012-12-22 07:29:19.264926 add friend mit_lj(2) alexey_koblov(283)
2012-12-22 07:29:23.146700 add friend mit_lj(2) alexey_rockman(284)
2012-12-22 07:29:26.481819 add friend mit_lj(2) alexeyw(285)
2012-12-22 08:29:12.188403 add friend mit_lj(2) alexhitrov(286)
2012-12-22 08:29:16.107086 add friend mit_lj(2) alexlimburg(287)
2012-12-22 08:29:22.812951 add friend mit_lj(2) alexlotov(288)
2012-12-22 08:29:27.593042 add friend mit_lj(2) alexnaro(289)
2012-12-22 08:29:31.551424 add friend mit_lj(2) alexpankratov(290)
2012-12-22 09:29:11.356686 add friend mit_lj(2) alexpoperetskiy(291)
2012-12-22 09:29:15.102067 add friend mit_lj(2) alexsik(292)
2012-12-22 09:29:19.168347 add friend mit_lj(2) alexunder(293)
2012-12-22 09:29:24.352333 add friend mit_lj(2) alexyac(294)
2012-12-22 09:29:27.820642 add friend mit_lj(2) alfablend(295)
2012-12-22 10:29:12.524618 add friend mit_lj(2) alfons72(296)
2012-12-22 10:29:16.759213 add friend mit_lj(2) alhiem_ic(297)
2012-12-22 10:29:20.282551 add friend mit_lj(2) alhip(298)
2012-12-22 10:29:24.453067 add friend mit_lj(2) ali_baba75(299)
2012-12-22 10:29:27.914429 add friend mit_lj(2) alibabay44(300)
2012-12-22 11:29:11.321935 add friend mit_lj(2) alien_igon(301)
2012-12-22 11:29:15.261097 add friend mit_lj(2) alienordis(302)
2012-12-22 11:29:33.037588 add friend mit_lj(2) alikhanov(303)
2012-12-22 11:29:40.451615 add friend mit_lj(2) aliksandar(304)
2012-12-22 11:29:44.121815 add friend mit_lj(2) alina_ma(305)
2012-12-22 13:29:13.730640 add friend mit_lj(2) alinjonok(306)
2012-12-22 13:29:18.701918 add friend mit_lj(2) alis_0025(307)
2012-12-22 13:29:22.041293 add friend mit_lj(2) alisavetrova(308)
2012-12-22 13:29:26.469503 add friend mit_lj(2) alistercrow(309)
2012-12-22 13:29:29.710224 add friend mit_lj(2) alive35(310)
2012-12-22 14:29:14.307764 add friend mit_lj(2) alka_g(311)
2012-12-22 14:29:18.387669 add friend mit_lj(2) all_decoded(312)
2012-12-22 14:29:22.246949 add friend mit_lj(2) all_imagine93(313)
2012-12-22 14:29:27.731382 add friend mit_lj(2) alla_g(314)
2012-12-22 14:29:32.465764 add friend mit_lj(2) alla_pj(315)
2012-12-22 16:29:12.605385 add friend mit_lj(2) allandrrrrr(316)
2012-12-22 16:29:15.893537 add friend mit_lj(2) allegoria2007(317)
2012-12-22 16:29:20.512817 add friend mit_lj(2) allgrach(318)
2012-12-22 16:29:24.135235 add friend mit_lj(2) allin777(319)
2012-12-22 16:29:28.034852 add friend mit_lj(2) alloykb(320)
2012-12-22 17:29:13.724072 add friend mit_lj(2) allthevse(321)
2012-12-22 17:29:17.330213 add friend mit_lj(2) allworld4us(322)
2012-12-22 17:29:21.430872 add friend mit_lj(2) almammoth(323)
2012-12-22 17:29:25.376657 add friend mit_lj(2) almarat(324)
2012-12-22 17:29:29.855214 add friend mit_lj(2) almaz2002(325)
2012-12-22 18:29:11.310794 add friend mit_lj(2) almazow_ru(326)
2012-12-22 18:29:17.997689 add friend mit_lj(2) aloena_ja(327)
2012-12-22 18:29:22.294767 add friend mit_lj(2) alonka(328)
2012-12-22 18:29:25.878971 add friend mit_lj(2) alrededor(329)
2012-12-22 18:29:29.472778 add friend mit_lj(2) alrunes(330)
2012-12-22 20:29:14.268318 add friend mit_lj(2) alstroemeria89(331)
2012-12-22 20:29:18.395284 add friend mit_lj(2) altblitz(332)
2012-12-22 20:29:28.398056 add friend mit_lj(2) alternativeclub(333)
2012-12-22 20:29:33.926453 add friend mit_lj(2) altunurda(334)
2012-12-22 20:29:39.253616 add friend mit_lj(2) altyn73(335)
2012-12-22 21:29:12.195400 add friend mit_lj(2) alvares(336)
2012-12-22 21:29:16.025343 add friend mit_lj(2) alxegorov(337)
2012-12-22 21:29:19.804103 add friend mit_lj(2) alxin(338)
2012-12-22 21:29:26.052576 add friend mit_lj(2) alyonabc(339)
2012-12-22 21:29:29.516959 add friend mit_lj(2) alyoshenka(340)
2012-12-22 22:29:11.234865 add friend mit_lj(2) alyulka(341)
2012-12-22 22:29:16.176047 add friend mit_lj(2) am88(342)
2012-12-22 22:29:19.545903 add friend mit_lj(2) am_id(343)
2012-12-22 22:29:22.970733 add friend mit_lj(2) amarh_zarbo(344)
2012-12-22 22:29:26.214683 add friend mit_lj(2) amazonic(345)
2012-12-22 23:29:12.607373 add friend mit_lj(2) amddred(346)
2012-12-22 23:29:16.707644 add friend mit_lj(2) ameli(347)
2012-12-22 23:29:21.578994 add friend mit_lj(2) amer_lamer(348)
2012-12-22 23:29:25.589051 add friend mit_lj(2) amigofm(349)
2012-12-22 23:29:32.217044 add friend mit_lj(2) amino(350)
2012-12-23 00:29:12.896942 add friend mit_lj(2) amlapa(351)
2012-12-23 00:29:16.098365 add friend mit_lj(2) ammorgen(352)
2012-12-23 00:29:19.880003 add friend mit_lj(2) amo_sol(353)
2012-12-23 00:29:23.559204 add friend mit_lj(2) amokrinskiy(354)
2012-12-23 00:29:27.874540 add friend mit_lj(2) amonit(355)
2012-12-23 01:29:12.492700 add friend mit_lj(2) amorfaticum(356)
2012-12-23 01:29:16.456433 add friend mit_lj(2) amorospb(357)
2012-12-23 01:29:21.703006 add friend mit_lj(2) amour_tiger(358)
2012-12-23 01:29:24.798280 add friend mit_lj(2) amsterdam_child(359)
2012-12-23 01:29:28.144850 add friend mit_lj(2) amy_pont(360)
2012-12-23 03:29:10.363905 add friend mit_lj(2) an_pti4ka(361)
2012-12-23 03:29:17.877697 add friend mit_lj(2) an_vlad(362)
2012-12-23 03:29:21.138209 add friend mit_lj(2) ana_mara(363)
2012-12-23 03:29:24.325565 add friend mit_lj(2) anabananovna(364)
2012-12-23 03:29:27.550353 add friend mit_lj(2) analitik_tomsk(365)
2012-12-23 04:29:14.445467 add friend mit_lj(2) anarchistjester(366)
2012-12-23 04:29:19.486597 add friend mit_lj(2) anaros(367)
2012-12-23 04:29:23.210930 add friend mit_lj(2) anastasia_tim(368)
2012-12-23 04:29:27.157889 add friend mit_lj(2) anbotticel(369)
2012-12-23 04:29:30.379972 add friend mit_lj(2) ancedr(370)
2012-12-23 05:29:12.525854 add friend mit_lj(2) anchib(371)
2012-12-23 05:29:15.746796 add friend mit_lj(2) ancky(372)
2012-12-23 05:29:19.863669 add friend mit_lj(2) ancle_andrey(373)
2012-12-23 05:29:23.598709 add friend mit_lj(2) and_frman(374)
2012-12-23 05:29:26.692307 add friend mit_lj(2) and_pushkin(375)
2012-12-23 07:29:13.728669 add friend mit_lj(2) andemas(376)
2012-12-23 07:29:19.123362 add friend mit_lj(2) anderuka(377)
2012-12-23 07:29:22.431273 add friend mit_lj(2) andr_zimin(378)
2012-12-23 07:29:25.635083 add friend mit_lj(2) andralius(379)
2012-12-23 07:29:28.871474 add friend mit_lj(2) andreeva_anka(380)
2012-12-23 08:29:09.753617 add friend mit_lj(2) andrei_bt(381)
2012-12-23 08:29:16.630404 add friend mit_lj(2) andrei_e(382)
2012-12-23 08:29:19.764528 add friend mit_lj(2) andreikva7(383)
2012-12-23 08:29:23.029559 add friend mit_lj(2) andreistp(384)
2012-12-23 08:29:26.427239 add friend mit_lj(2) andrej_voronin(385)
2012-12-23 09:29:10.340941 add friend mit_lj(2) andremf(386)
2012-12-23 09:29:13.694646 add friend mit_lj(2) andrew_shad(387)
2012-12-23 09:29:16.856857 add friend mit_lj(2) andrew_shell(388)
2012-12-23 09:29:21.898361 add friend mit_lj(2) andrey58tom(389)
2012-12-23 09:29:25.256049 add friend mit_lj(2) andrey_57(390)
2012-12-24 09:29:11.381972 add friend mit_lj(2) andrey_paley(391)
2012-12-24 09:29:15.324584 add friend mit_lj(2) andrey_s17(392)
2012-12-24 09:29:20.602594 add friend mit_lj(2) andrey_salmanov(393)
2012-12-24 09:29:23.713173 add friend mit_lj(2) andreybubley(394)
2012-12-24 09:29:27.026927 add friend mit_lj(2) andreydok(395)
